c:\users\admin\desktop\testundso\release\mnaila3kso3s.lib
c:\users\admin\desktop\testundso\release\mnaila3kso3s.exp
c:\users\admin\desktop\testundso\ayyware csgo\release\crc32.obj
c:\users\admin\desktop\testundso\ayyware csgo\release\esp.obj
c:\users\admin\desktop\testundso\ayyware csgo\release\menu.obj
c:\users\admin\desktop\testundso\ayyware csgo\release\tinyxml2.obj
c:\users\admin\desktop\testundso\ayyware csgo\release\util functions.obj
c:\users\admin\desktop\testundso\ayyware csgo\release\backtrack.obj
c:\users\admin\desktop\testundso\ayyware csgo\release\gui.obj
c:\users\admin\desktop\testundso\ayyware csgo\release\mischacks.obj
c:\users\admin\desktop\testundso\ayyware csgo\release\rsp_s2dex.obj
c:\users\admin\desktop\testundso\ayyware csgo\release\spoofedconvar.obj
c:\users\admin\desktop\testundso\ayyware csgo\release\controls.obj
c:\users\admin\desktop\testundso\ayyware csgo\release\mathfunctions.obj
c:\users\admin\desktop\testundso\ayyware csgo\release\ragebot.obj
c:\users\admin\desktop\testundso\ayyware csgo\release\autowall.obj
c:\users\admin\desktop\testundso\ayyware csgo\release\reflectiveloader.obj
c:\users\admin\desktop\testundso\ayyware csgo\release\metainfo.obj
c:\users\admin\desktop\testundso\ayyware csgo\release\rendermanager.obj
c:\users\admin\desktop\testundso\ayyware csgo\release\window.obj
c:\users\admin\desktop\testundso\ayyware csgo\release\dllmain.obj
c:\users\admin\desktop\testundso\ayyware csgo\release\interfaces.obj
c:\users\admin\desktop\testundso\ayyware csgo\release\netvarmanager.obj
c:\users\admin\desktop\testundso\ayyware csgo\release\dumping.obj
c:\users\admin\desktop\testundso\ayyware csgo\release\hooks.obj
c:\users\admin\desktop\testundso\ayyware csgo\release\noskycpp.obj
c:\users\admin\desktop\testundso\ayyware csgo\release\nosmoke.obj
c:\users\admin\desktop\testundso\ayyware csgo\release\offsets.obj
c:\users\admin\desktop\testundso\ayyware csgo\release\visual.obj
c:\users\admin\desktop\testundso\ayyware csgo\release\chams.obj
c:\users\admin\desktop\testundso\ayyware csgo\release\hacks.obj
c:\users\admin\desktop\testundso\ayyware csgo\release\netvars.obj
c:\users\admin\desktop\testundso\ayyware csgo\release\utilities.obj
c:\users\admin\desktop\testundso\ayyware csgo\release\antiantiaim.obj
c:\users\admin\desktop\testundso\ayyware csgo\release\legitbot.obj
c:\users\admin\desktop\testundso\ayyware csgo\release\resolver.obj
c:\users\admin\desktop\testundso\ayyware csgo\release\vc140.pdb
c:\users\admin\desktop\testundso\release\mnaila3kso3s.dll
c:\users\admin\desktop\testundso\release\mnaila3kso3s.pdb
c:\users\admin\desktop\testundso\ayyware csgo\release\apocalypse.tlog\apocalypse.write.1u.tlog
c:\users\admin\desktop\testundso\ayyware csgo\release\apocalypse.tlog\cl.command.1.tlog
c:\users\admin\desktop\testundso\ayyware csgo\release\apocalypse.tlog\cl.read.1.tlog
c:\users\admin\desktop\testundso\ayyware csgo\release\apocalypse.tlog\cl.write.1.tlog
c:\users\admin\desktop\testundso\ayyware csgo\release\apocalypse.tlog\link.command.1.tlog
c:\users\admin\desktop\testundso\ayyware csgo\release\apocalypse.tlog\link.read.1.tlog
c:\users\admin\desktop\testundso\ayyware csgo\release\apocalypse.tlog\link.write.1.tlog
