c:\users\xboom\desktop\ac fixed\ayyware csgo\apocalysecheatssc\ayyware csgo\debug\vc140.pdb
c:\users\xboom\desktop\ac fixed\ayyware csgo\apocalysecheatssc\ayyware csgo\debug\vc140.idb
c:\users\xboom\desktop\ac fixed\ayyware csgo\apocalysecheatssc\ayyware csgo\debug\legitbot.obj
c:\users\xboom\desktop\ac fixed\ayyware csgo\apocalysecheatssc\ayyware csgo\debug\mathfunctions.obj
c:\users\xboom\desktop\ac fixed\ayyware csgo\apocalysecheatssc\ayyware csgo\debug\menu.obj
c:\users\xboom\desktop\ac fixed\ayyware csgo\apocalysecheatssc\ayyware csgo\debug\metainfo.obj
c:\users\xboom\desktop\ac fixed\ayyware csgo\apocalysecheatssc\ayyware csgo\debug\netvars.obj
c:\users\xboom\desktop\ac fixed\ayyware csgo\apocalysecheatssc\ayyware csgo\debug\noskycpp.obj
c:\users\xboom\desktop\ac fixed\ayyware csgo\apocalysecheatssc\ayyware csgo\debug\nosmoke.obj
c:\users\xboom\desktop\ac fixed\ayyware csgo\apocalysecheatssc\ayyware csgo\debug\offsets.obj
c:\users\xboom\desktop\ac fixed\ayyware csgo\apocalysecheatssc\ayyware csgo\debug\ragebot.obj
c:\users\xboom\desktop\ac fixed\ayyware csgo\apocalysecheatssc\ayyware csgo\debug\rendermanager.obj
c:\users\xboom\desktop\ac fixed\ayyware csgo\apocalysecheatssc\ayyware csgo\debug\resolver.obj
c:\users\xboom\desktop\ac fixed\ayyware csgo\apocalysecheatssc\ayyware csgo\debug\rsp_s2dex.obj
c:\users\xboom\desktop\ac fixed\ayyware csgo\apocalysecheatssc\ayyware csgo\debug\tinyxml2.obj
c:\users\xboom\desktop\ac fixed\ayyware csgo\apocalysecheatssc\ayyware csgo\debug\util functions.obj
c:\users\xboom\desktop\ac fixed\ayyware csgo\apocalysecheatssc\ayyware csgo\debug\utilities.obj
c:\users\xboom\desktop\ac fixed\ayyware csgo\apocalysecheatssc\ayyware csgo\debug\visual.obj
c:\users\xboom\desktop\ac fixed\ayyware csgo\apocalysecheatssc\ayyware csgo\debug\window.obj
c:\users\xboom\desktop\ac fixed\ayyware csgo\apocalysecheatssc\ayyware csgo\debug\antiantiaim.obj
c:\users\xboom\desktop\ac fixed\ayyware csgo\apocalysecheatssc\ayyware csgo\debug\autowall.obj
c:\users\xboom\desktop\ac fixed\ayyware csgo\apocalysecheatssc\ayyware csgo\debug\chams.obj
c:\users\xboom\desktop\ac fixed\ayyware csgo\apocalysecheatssc\ayyware csgo\debug\controls.obj
c:\users\xboom\desktop\ac fixed\ayyware csgo\apocalysecheatssc\ayyware csgo\debug\crc32.obj
c:\users\xboom\desktop\ac fixed\ayyware csgo\apocalysecheatssc\ayyware csgo\debug\dllmain.obj
c:\users\xboom\desktop\ac fixed\ayyware csgo\apocalysecheatssc\ayyware csgo\debug\dumping.obj
c:\users\xboom\desktop\ac fixed\ayyware csgo\apocalysecheatssc\ayyware csgo\debug\esp.obj
c:\users\xboom\desktop\ac fixed\ayyware csgo\apocalysecheatssc\ayyware csgo\debug\gui.obj
c:\users\xboom\desktop\ac fixed\ayyware csgo\apocalysecheatssc\ayyware csgo\debug\hacks.obj
c:\users\xboom\desktop\ac fixed\ayyware csgo\apocalysecheatssc\ayyware csgo\debug\hooks.obj
c:\users\xboom\desktop\ac fixed\ayyware csgo\apocalysecheatssc\ayyware csgo\debug\reflectiveloader.obj
c:\users\xboom\desktop\ac fixed\ayyware csgo\apocalysecheatssc\ayyware csgo\debug\interfaces.obj
c:\users\admin\desktop\testundso\ayyware csgo\debug\antiantiaim.obj
c:\users\admin\desktop\testundso\ayyware csgo\debug\autowall.obj
c:\users\admin\desktop\testundso\ayyware csgo\debug\chams.obj
c:\users\admin\desktop\testundso\ayyware csgo\debug\controls.obj
c:\users\admin\desktop\testundso\ayyware csgo\debug\crc32.obj
c:\users\admin\desktop\testundso\ayyware csgo\debug\dllmain.obj
c:\users\admin\desktop\testundso\ayyware csgo\debug\dumping.obj
c:\users\admin\desktop\testundso\ayyware csgo\debug\esp.obj
c:\users\admin\desktop\testundso\ayyware csgo\debug\gui.obj
c:\users\admin\desktop\testundso\ayyware csgo\debug\hacks.obj
c:\users\admin\desktop\testundso\ayyware csgo\debug\hooks.obj
c:\users\admin\desktop\testundso\ayyware csgo\debug\interfaces.obj
c:\users\admin\desktop\testundso\ayyware csgo\debug\legitbot.obj
c:\users\admin\desktop\testundso\ayyware csgo\debug\mathfunctions.obj
c:\users\admin\desktop\testundso\ayyware csgo\debug\menu.obj
c:\users\admin\desktop\testundso\ayyware csgo\debug\metainfo.obj
c:\users\admin\desktop\testundso\ayyware csgo\debug\netvars.obj
c:\users\admin\desktop\testundso\ayyware csgo\debug\noskycpp.obj
c:\users\admin\desktop\testundso\ayyware csgo\debug\nosmoke.obj
c:\users\admin\desktop\testundso\ayyware csgo\debug\offsets.obj
c:\users\admin\desktop\testundso\ayyware csgo\debug\ragebot.obj
c:\users\admin\desktop\testundso\ayyware csgo\debug\reflectiveloader.obj
c:\users\admin\desktop\testundso\ayyware csgo\debug\rendermanager.obj
c:\users\admin\desktop\testundso\ayyware csgo\debug\resolver.obj
c:\users\admin\desktop\testundso\ayyware csgo\debug\rsp_s2dex.obj
c:\users\admin\desktop\testundso\ayyware csgo\debug\tinyxml2.obj
c:\users\admin\desktop\testundso\ayyware csgo\debug\util functions.obj
c:\users\admin\desktop\testundso\ayyware csgo\debug\utilities.obj
c:\users\admin\desktop\testundso\ayyware csgo\debug\visual.obj
c:\users\admin\desktop\testundso\ayyware csgo\debug\window.obj
c:\users\admin\desktop\testundso\ayyware csgo\debug\vc140.idb
c:\users\admin\desktop\testundso\ayyware csgo\debug\vc140.pdb
c:\users\admin\desktop\testundso\ayyware csgo\debug\apocalypse.tlog\cl.command.1.tlog
c:\users\admin\desktop\testundso\ayyware csgo\debug\apocalypse.tlog\cl.read.1.tlog
c:\users\admin\desktop\testundso\ayyware csgo\debug\apocalypse.tlog\cl.write.1.tlog
